> Task :app:preBuild UP-TO-DATE
> Task :app:preDebugBuild UP-TO-DATE
> Task :app:mergeDebugNativeDebugMetadata NO-SOURCE
> Task :app:checkKotlinGradlePluginConfigurationErrors
> Task :app:checkDebugAarMetadata UP-TO-DATE
> Task :app:processDebugNavigationResources UP-TO-DATE
> Task :app:compileDebugNavigationResources UP-TO-DATE
> Task :app:generateDebugResValues UP-TO-DATE
> Task :app:mapDebugSourceSetPaths UP-TO-DATE
> Task :app:generateDebugResources UP-TO-DATE
> Task :app:mergeDebugResources UP-TO-DATE
> Task :app:packageDebugResources UP-TO-DATE
> Task :app:parseDebugLocalResources UP-TO-DATE
> Task :app:createDebugCompatibleScreenManifests UP-TO-DATE
> Task :app:extractDeepLinksDebug UP-TO-DATE
> Task :app:processDebugMainManifest UP-TO-DATE
> Task :app:processDebugManifest UP-TO-DATE
> Task :app:processDebugManifestForPackage UP-TO-DATE
> Task :app:processDebugResources UP-TO-DATE
> Task :app:kspDebugKotlin UP-TO-DATE
> Task :app:javaPreCompileDebug UP-TO-DATE
> Task :app:mergeDebugShaders UP-TO-DATE
> Task :app:compileDebugShaders NO-SOURCE
> Task :app:generateDebugAssets UP-TO-DATE
> Task :app:mergeDebugAssets UP-TO-DATE
> Task :app:compressDebugAssets UP-TO-DATE
> Task :app:checkDebugDuplicateClasses UP-TO-DATE
> Task :app:desugarDebugFileDependencies UP-TO-DATE
> Task :app:mergeExtDexDebug UP-TO-DATE
> Task :app:mergeLibDexDebug UP-TO-DATE
> Task :app:mergeDebugJniLibFolders UP-TO-DATE
> Task :app:mergeDebugNativeLibs UP-TO-DATE
> Task :app:stripDebugDebugSymbols UP-TO-DATE
> Task :app:validateSigningDebug UP-TO-DATE
> Task :app:writeDebugAppMetadata UP-TO-DATE
> Task :app:writeDebugSigningConfigVersions UP-TO-DATE

> Task :app:compileDebugKotlin
e: file:///C:/Users/Arthur/Videos/ANY4U/anymanga/app/src/main/java/com/anymanga/data/TemplatesUpdater.kt:23:17 Conflicting declarations: private final val json: Json, private final val json: Json
e: file:///C:/Users/Arthur/Videos/ANY4U/anymanga/app/src/main/java/com/anymanga/data/TemplatesUpdater.kt:28:17 Conflicting declarations: private final val json: Json, private final val json: Json
e: file:///C:/Users/Arthur/Videos/ANY4U/anymanga/app/src/main/java/com/anymanga/data/TemplatesUpdater.kt:39:54 Unresolved reference. None of the following candidates is applicable because of receiver type mismatch: 
public fun <T> Array<out TypeVariable(T)>.first(): TypeVariable(T) defined in kotlin.collections
public inline fun <T> Array<out TypeVariable(T)>.first(predicate: (TypeVariable(T)) -> Boolean): TypeVariable(T) defined in kotlin.collections
public fun BooleanArray.first(): Boolean defined in kotlin.collections
public inline fun BooleanArray.first(predicate: (Boolean) -> Boolean): Boolean defined in kotlin.collections
public fun ByteArray.first(): Byte defined in kotlin.collections
public inline fun ByteArray.first(predicate: (Byte) -> Boolean): Byte defined in kotlin.collections
public fun CharArray.first(): Char defined in kotlin.collections
public inline fun CharArray.first(predicate: (Char) -> Boolean): Char defined in kotlin.collections
public fun CharSequence.first(): Char defined in kotlin.text
public inline fun CharSequence.first(predicate: (Char) -> Boolean): Char defined in kotlin.text
public fun DoubleArray.first(): Double defined in kotlin.collections
public inline fun DoubleArray.first(predicate: (Double) -> Boolean): Double defined in kotlin.collections
public fun FloatArray.first(): Float defined in kotlin.collections
public inline fun FloatArray.first(predicate: (Float) -> Boolean): Float defined in kotlin.collections
public fun IntArray.first(): Int defined in kotlin.collections
public inline fun IntArray.first(predicate: (Int) -> Boolean): Int defined in kotlin.collections
public fun LongArray.first(): Long defined in kotlin.collections
public inline fun LongArray.first(predicate: (Long) -> Boolean): Long defined in kotlin.collections
public fun ShortArray.first(): Short defined in kotlin.collections
public inline fun ShortArray.first(predicate: (Short) -> Boolean): Short defined in kotlin.collections
public inline fun UByteArray.first(): UByte defined in kotlin.collections
public inline fun UByteArray.first(predicate: (UByte) -> Boolean): UByte defined in kotlin.collections
public inline fun UIntArray.first(): UInt defined in kotlin.collections
public inline fun UIntArray.first(predicate: (UInt) -> Boolean): UInt defined in kotlin.collections
public inline fun ULongArray.first(): ULong defined in kotlin.collections
public inline fun ULongArray.first(predicate: (ULong) -> Boolean): ULong defined in kotlin.collections
public inline fun UShortArray.first(): UShort defined in kotlin.collections
public inline fun UShortArray.first(predicate: (UShort) -> Boolean): UShort defined in kotlin.collections
public fun <T> Iterable<TypeVariable(T)>.first(): TypeVariable(T) defined in kotlin.collections
public inline fun <T> Iterable<TypeVariable(T)>.first(predicate: (TypeVariable(T)) -> Boolean): TypeVariable(T) defined in kotlin.collections
public fun <T> List<TypeVariable(T)>.first(): TypeVariable(T) defined in kotlin.collections
public fun CharProgression.first(): Char defined in kotlin.ranges
public fun IntProgression.first(): Int defined in kotlin.ranges
public fun LongProgression.first(): Long defined in kotlin.ranges
public fun UIntProgression.first(): UInt defined in kotlin.ranges
public fun ULongProgression.first(): ULong defined in kotlin.ranges
public fun <T> Sequence<TypeVariable(T)>.first(): TypeVariable(T) defined in kotlin.sequences
public inline fun <T> Sequence<TypeVariable(T)>.first(predicate: (TypeVariable(T)) -> Boolean): TypeVariable(T) defined in kotlin.sequences
e: file:///C:/Users/Arthur/Videos/ANY4U/anymanga/app/src/main/java/com/anymanga/data/TemplatesUpdater.kt:55:14 Overload resolution ambiguity: 
public open fun url(url: URL): Request.Builder defined in okhttp3.Request.Builder
public open fun url(url: String): Request.Builder defined in okhttp3.Request.Builder
public open fun url(url: HttpUrl): Request.Builder defined in okhttp3.Request.Builder
e: file:///C:/Users/Arthur/Videos/ANY4U/anymanga/app/src/main/java/com/anymanga/data/TemplatesUpdater.kt:58:21 Unresolved reference: header
e: file:///C:/Users/Arthur/Videos/ANY4U/anymanga/app/src/main/java/com/anymanga/data/TemplatesUpdater.kt:85:29 Overload resolution ambiguity: 
private final val json: Json defined in com.anymanga.data.TemplatesUpdater
private final val json: Json defined in com.anymanga.data.TemplatesUpdater
e: file:///C:/Users/Arthur/Videos/ANY4U/anymanga/app/src/main/java/com/anymanga/data/TemplatesUpdater.kt:127:13 Overload resolution ambiguity: 
private final val json: Json defined in com.anymanga.data.TemplatesUpdater
private final val json: Json defined in com.anymanga.data.TemplatesUpdater
e: file:///C:/Users/Arthur/Videos/ANY4U/anymanga/app/src/main/java/com/anymanga/ui/screens/AddSourceScreen.kt:28:31 Unresolved reference: AppDatabase
e: file:///C:/Users/Arthur/Videos/ANY4U/anymanga/app/src/main/java/com/anymanga/ui/screens/AddSourceScreen.kt:29:31 Unresolved reference: TemplateResolver
e: file:///C:/Users/Arthur/Videos/ANY4U/anymanga/app/src/main/java/com/anymanga/ui/screens/AddSourceScreen.kt:33:27 Property delegate must have a 'getValue(Nothing?, KProperty<*>)' method. None of the following functions is suitable: 
public inline operator fun <T> State<Nothing?>.getValue(thisObj: Any?, property: KProperty<*>): Nothing? defined in androidx.compose.runtime
e: file:///C:/Users/Arthur/Videos/ANY4U/anymanga/app/src/main/java/com/anymanga/ui/screens/AddSourceScreen.kt:33:27 Property delegate must have a 'setValue(Nothing?, KProperty<*>, [Error type: Error delegation type for remember { mutableStateOf<SourceTemplateEntity?>(null) }])' method. None of the following functions is suitable: 
public inline operator fun <T> MutableState<Nothing?>.setValue(thisObj: Any?, property: KProperty<*>, value: Nothing?): Unit defined in androidx.compose.runtime
e: file:///C:/Users/Arthur/Videos/ANY4U/anymanga/app/src/main/java/com/anymanga/ui/screens/AddSourceScreen.kt:33:53 Unresolved reference: SourceTemplateEntity
e: file:///C:/Users/Arthur/Videos/ANY4U/anymanga/app/src/main/java/com/anymanga/ui/screens/AddSourceScreen.kt:114:51 Unresolved reference. None of the following candidates is applicable because of receiver type mismatch: 
public fun File.resolve(relative: File): File defined in kotlin.io
public fun File.resolve(relative: String): File defined in kotlin.io
e: file:///C:/Users/Arthur/Videos/ANY4U/anymanga/app/src/main/java/com/anymanga/ui/screens/AddSourceScreen.kt:137:35 Cannot infer a type for this parameter. Please specify it explicitly.
e: file:///C:/Users/Arthur/Videos/ANY4U/anymanga/app/src/main/java/com/anymanga/ui/screens/AddSourceScreen.kt:138:17 @Composable invocations can only happen from the context of a @Composable function
e: file:///C:/Users/Arthur/Videos/ANY4U/anymanga/app/src/main/java/com/anymanga/ui/screens/AddSourceScreen.kt:140:43 @Composable invocations can only happen from the context of a @Composable function
e: file:///C:/Users/Arthur/Videos/ANY4U/anymanga/app/src/main/java/com/anymanga/ui/screens/AddSourceScreen.kt:141:56 @Composable invocations can only happen from the context of a @Composable function
e: file:///C:/Users/Arthur/Videos/ANY4U/anymanga/app/src/main/java/com/anymanga/ui/screens/AddSourceScreen.kt:165:41 Unresolved reference: UserSourceEntity

> Task :app:compileDebugKotlin FAILED

[Incubating] Problems report is available at: file:///C:/Users/Arthur/Videos/ANY4U/anymanga/build/reports/problems/problems-report.html

FAILURE: Build failed with an exception.

* What went wrong:
Execution failed for task ':app:compileDebugKotlin'.
> A failure occurred while executing org.jetbrains.kotlin.compilerRunner.GradleCompilerRunnerWithWorkers$GradleKotlinCompilerWorkAction
   > Compilation error. See log for more details

* Try:
> Run with --stacktrace option to get the stack trace.
> Run with --info or --debug option to get more log output.
> Run with --scan to get full insights.
> Get more help at https://help.gradle.org.

Deprecated Gradle features were used in this build, making it incompatible with Gradle 9.0.

You can use '--warning-mode all' to show the individual deprecation warnings and determine if they come from your own scripts or plugins.

For more on this, please refer to https://docs.gradle.org/8.13/userguide/command_line_interface.html#sec:command_line_warnings in the Gradle documentation.

BUILD FAILED in 13s
32 actionable tasks: 2 executed, 30 up-to-date
